<?xml version="1.0" encoding="UTF-8"?>
<!-- Generated by org.testng.reporters.JUnitReportReporter -->
<testsuite hostname="liusf-PC" name="testcases.AccountCenter.TestCase2016ExpressLanePageMonitoringUserAndEditorUser" tests="1" failures="0" timestamp="23 Apr 2018 10:24:08 GMT" time="41.781" errors="1">
  <testcase name="MonitoringUserAndEditorUser" time="41.781" classname="testcases.AccountCenter.TestCase2016ExpressLanePageMonitoringUserAndEditorUser">
    <error type="org.openqa.selenium.NoSuchFrameException" message="No frame element found by name or id x,/html/body/div[15]/div[2]/iframe
Build info: version: &#039;2.53.0&#039;, revision: &#039;35ae25b&#039;, time: &#039;2016-03-15 16:57:40&#039;
System info: host: &#039;liusf-PC&#039;, ip: &#039;192.168.3.154&#039;, os.name: &#039;Windows 7&#039;, os.arch: &#039;amd64&#039;, os.version: &#039;6.1&#039;, java.version: &#039;1.7.0_75&#039;
Driver info: driver.version: AutomateDriver">
      <![CDATA[org.openqa.selenium.NoSuchFrameException: No frame element found by name or id x,/html/body/div[15]/div[2]/iframe
Build info: version: '2.53.0', revision: '35ae25b', time: '2016-03-15 16:57:40'
System info: host: 'liusf-PC', ip: '192.168.3.154', os.name: 'Windows 7', os.arch: 'amd64', os.version: '6.1', java.version: '1.7.0_75'
Driver info: driver.version: AutomateDriver
	at org.openqa.selenium.remote.RemoteWebDriver$RemoteTargetLocator.frame(RemoteWebDriver.java:997)
	at automatedriver.AutomateDriver.switch_to_frame(AutomateDriver.java:314)
	at pages.accountcenterPage.AccountCenterExpressLanePage.editorUser(AccountCenterExpressLanePage.java:237)
	at testcases.AccountCenter.TestCase2016ExpressLanePageMonitoringUserAndEditorUser.MonitoringUserAndEditorUser(TestCase2016ExpressLanePageMonitoringUserAndEditorUser.java:67)
	at sun.reflect.NativeMethodAccessorImpl.invoke0(Native Method)
	at sun.reflect.NativeMethodAccessorImpl.invoke(NativeMethodAccessorImpl.java:57)
	at sun.reflect.DelegatingMethodAccessorImpl.invoke(DelegatingMethodAccessorImpl.java:43)
	at java.lang.reflect.Method.invoke(Method.java:606)
	at org.testng.internal.MethodInvocationHelper.invokeMethod(MethodInvocationHelper.java:85)
	at org.testng.internal.Invoker.invokeMethod(Invoker.java:639)
	at org.testng.internal.Invoker.invokeTestMethod(Invoker.java:816)
	at org.testng.internal.Invoker.invokeTestMethods(Invoker.java:1124)
	at org.testng.internal.TestMethodWorker.invokeTestMethods(TestMethodWorker.java:125)
	at org.testng.internal.TestMethodWorker.run(TestMethodWorker.java:108)
	at org.testng.TestRunner.privateRun(TestRunner.java:774)
	at org.testng.TestRunner.run(TestRunner.java:624)
	at org.testng.SuiteRunner.runTest(SuiteRunner.java:359)
	at org.testng.SuiteRunner.runSequentially(SuiteRunner.java:354)
	at org.testng.SuiteRunner.privateRun(SuiteRunner.java:312)
	at org.testng.SuiteRunner.run(SuiteRunner.java:261)
	at org.testng.SuiteRunnerWorker.runSuite(SuiteRunnerWorker.java:52)
	at org.testng.SuiteRunnerWorker.run(SuiteRunnerWorker.java:86)
	at org.testng.TestNG.runSuitesSequentially(TestNG.java:1215)
	at org.testng.TestNG.runSuitesLocally(TestNG.java:1140)
	at org.testng.TestNG.run(TestNG.java:1048)
	at org.testng.remote.AbstractRemoteTestNG.run(AbstractRemoteTestNG.java:114)
	at org.testng.remote.RemoteTestNG.initAndRun(RemoteTestNG.java:251)
	at org.testng.remote.RemoteTestNG.main(RemoteTestNG.java:77)
]]>
    </error>
  </testcase> <!-- MonitoringUserAndEditorUser -->
</testsuite> <!-- testcases.AccountCenter.TestCase2016ExpressLanePageMonitoringUserAndEditorUser -->
